Using pre-set license
Built from '2020.3/staging' branch; Version is '2020.3.13f1 (71691879b7f5) revision 7432472'; Using compiler version '192528614'; Build Type 'Release'
OS: 'Windows 10 Pro; OS build 19042.1415; Version 2009; 64bit' Language: 'en' Physical Memory: 7881 MB
BatchMode: 1, IsHumanControllingUs: 0, StartBugReporterOnCrash: 0, Is64bit: 1, IsPro: 0

 COMMAND LINE ARGUMENTS:
C:\Program Files\Unity\Editor\Unity.exe
-adb2
-batchMode
-noUpm
-name
AssetImportWorker0
-projectPath
D:/Unity/repo/3d/Jam/Plant of Earth
-logFile
Logs/AssetImportWorker0.log
-srvPort
52445
Successfully changed project path to: D:/Unity/repo/3d/Jam/Plant of Earth
D:/Unity/repo/3d/Jam/Plant of Earth
Using Asset Import Pipeline V2.
Refreshing native plugins compatible for Editor in 93.07 ms, found 3 plugins.
Preloading 0 native plugins for Editor in 0.00 ms.
Initialize engine version: 2020.3.13f1 (71691879b7f5)
[Subsystems] Discovering subsystems at path C:/Program Files/Unity/Editor/Data/Resources/UnitySubsystems
[Subsystems] Discovering subsystems at path D:/Unity/repo/3d/Jam/Plant of Earth/Assets
GfxDevice: creating device client; threaded=0
Direct3D:
    Version:  Direct3D 11.0 [level 11.1]
    Renderer: Intel(R) HD Graphics 4600 (ID=0x416)
    Vendor:   
    VRAM:     2048 MB
    Driver:   20.19.15.5126
Initialize mono
Mono path[0] = 'C:/Program Files/Unity/Editor/Data/Managed'
Mono path[1] = 'C:/Program Files/Unity/Editor/Data/MonoBleedingEdge/lib/mono/unityjit'
Mono config path = 'C:/Program Files/Unity/Editor/Data/MonoBleedingEdge/etc'
Using monoOptions --debugger-agent=transport=dt_socket,embedding=1,server=y,suspend=n,address=127.0.0.1:56524
Begin MonoManager ReloadAssembly
Registering precompiled unity dll's ...
Register platform support module: C:/Program Files/Unity/Editor/Data/PlaybackEngines/WebGLSupport/UnityEditor.WebGL.Extensions.dll
Register platform support module: C:/Program Files/Unity/Editor/Data/PlaybackEngines/WindowsStandaloneSupport/UnityEditor.WindowsStandalone.Extensions.dll
Registered in 0.003760 seconds.
Native extension for WindowsStandalone target not found
Native extension for WebGL target not found
Refreshing native plugins compatible for Editor in 58.97 ms, found 3 plugins.
Preloading 0 native plugins for Editor in 0.00 ms.
Mono: successfully reloaded assembly
- Completed reload, in  1.658 seconds
Platform modules already initialized, skipping
Registering precompiled user dll's ...
Registered in 0.003637 seconds.
Begin MonoManager ReloadAssembly
Native extension for WindowsStandalone target not found
Native extension for WebGL target not found
Refreshing native plugins compatible for Editor in 64.86 ms, found 3 plugins.
Preloading 0 native plugins for Editor in 0.00 ms.
Mono: successfully reloaded assembly
- Completed reload, in  1.483 seconds
Platform modules already initialized, skipping
========================================================================
Worker process is ready to serve import requests
Launched and connected shader compiler UnityShaderCompiler.exe after 0.06 seconds
Refreshing native plugins compatible for Editor in 1.05 ms, found 3 plugins.
Preloading 0 native plugins for Editor in 0.00 ms.
Unloading 2103 Unused Serialized files (Serialized files now loaded: 0)
System memory in use before: 93.7 MB.
System memory in use after: 93.6 MB.

Unloading 33 unused Assets to reduce memory usage. Loaded Objects now: 2539.
Total: 3.174500 ms (FindLiveObjects: 0.237800 ms CreateObjectMapping: 0.168700 ms MarkObjects: 2.592800 ms  DeleteObjects: 0.173900 ms)

AssetImportParameters requested are different than current active one (requested -> active):
  custom:framework-win-MediaFoundation: 216162199b28c13a410421893ffa2e32 -> 
  custom:video-decoder-ogg-theora: a1e56fd34408186e4bbccfd4996cb3dc -> 
  custom:container-muxer-webm: aa71ff27fc2769a1b78a27578f13a17b -> 
  custom:container-demuxer-webm: 4f35f7cbe854078d1ac9338744f61a02 -> 
  custom:container-demuxer-ogg: 62fdf1f143b41e24485cea50d1cbac27 -> 
  custom:video-encoder-webm-vp8: eb34c28f22e8b96e1ab97ce403110664 -> 
  custom:video-decoder-webm-vp8: 9c59270c3fd7afecdb556c50c9e8de78 -> 
  custom:audio-decoder-ogg-vorbis: bf7c407c2cedff20999df2af8eb42d56 -> 
  custom:audio-encoder-webm-vorbis: bf7c407c2cedff20999df2af8eb42d56 -> 
========================================================================
Received Import Request.
  path: Assets/Scenes/Game Play.unity
  artifactKey: Guid(2cda990e2423bbf4892e6590ba056729) Importer(815301076,1909f56bfc062723c751e8b465ee728b)
Start importing Assets/Scenes/Game Play.unity using Guid(2cda990e2423bbf4892e6590ba056729) Importer(815301076,1909f56bfc062723c751e8b465ee728b)  -> (artifact id: '1ac3385ee2c378eb721bbf8e79037359') in 0.020811 seconds 
  Import took 0.060486 seconds .

========================================================================
Received Import Request.
  Time since last request: 339.716932 seconds.
  path: Assets/Scripts/TrantEgg.cs
  artifactKey: Guid(d39df641f2fead04ba72f2a10ee9ec75) Importer(815301076,1909f56bfc062723c751e8b465ee728b)
Start importing Assets/Scripts/TrantEgg.cs using Guid(d39df641f2fead04ba72f2a10ee9ec75) Importer(815301076,1909f56bfc062723c751e8b465ee728b)  -> (artifact id: 'bbd31ea34b767f8c341d3e343b7fa9f9') in 0.117759 seconds 
  Import took 0.123234 seconds .

========================================================================
Received Import Request.
  Time since last request: 5.162711 seconds.
  path: Assets/Scripts/Plant.cs
  artifactKey: Guid(14b760fb7a0bda54a8e311469b95de5d) Importer(815301076,1909f56bfc062723c751e8b465ee728b)
Start importing Assets/Scripts/Plant.cs using Guid(14b760fb7a0bda54a8e311469b95de5d) Importer(815301076,1909f56bfc062723c751e8b465ee728b)  -> (artifact id: '8f58cb5d4d4b152cf544a424a91254e9') in 0.013580 seconds 
  Import took 0.023304 seconds .

========================================================================
Received Import Request.
  Time since last request: 31.185226 seconds.
  path: Assets/Scripts/GameArea.cs
  artifactKey: Guid(b8a1c6c4b6a9bb441979a37e9e38c9bf) Importer(815301076,1909f56bfc062723c751e8b465ee728b)
Start importing Assets/Scripts/GameArea.cs using Guid(b8a1c6c4b6a9bb441979a37e9e38c9bf) Importer(815301076,1909f56bfc062723c751e8b465ee728b)  -> (artifact id: 'dba5e77ef362901e2c0ec3e5c69368b8') in 0.013014 seconds 
  Import took 0.021656 seconds .

========================================================================
Received Import Request.
  Time since last request: 10.792695 seconds.
  path: Assets/Scripts/Co2Level.cs
  artifactKey: Guid(580f3edcac4a9fb4b8de9eebbd6dba29) Importer(815301076,1909f56bfc062723c751e8b465ee728b)
Start importing Assets/Scripts/Co2Level.cs using Guid(580f3edcac4a9fb4b8de9eebbd6dba29) Importer(815301076,1909f56bfc062723c751e8b465ee728b)  -> (artifact id: '75eda408b8055d473e20c33b7efe832f') in 0.010569 seconds 
  Import took 0.016422 seconds .

========================================================================
Received Import Request.
  Time since last request: 2.551760 seconds.
  path: Assets/Scripts/City.cs
  artifactKey: Guid(91c23cbbd2252ad438afffc20fd44574) Importer(815301076,1909f56bfc062723c751e8b465ee728b)
Start importing Assets/Scripts/City.cs using Guid(91c23cbbd2252ad438afffc20fd44574) Importer(815301076,1909f56bfc062723c751e8b465ee728b)  -> (artifact id: '5db13f57967abca529696459434d2f43') in 0.009676 seconds 
  Import took 0.014861 seconds .

========================================================================
Received Import Request.
  Time since last request: 2.543429 seconds.
  path: Assets/Scripts/CarbonDO.cs
  artifactKey: Guid(94c23e3d31bfbb449856aca169654956) Importer(815301076,1909f56bfc062723c751e8b465ee728b)
Start importing Assets/Scripts/CarbonDO.cs using Guid(94c23e3d31bfbb449856aca169654956) Importer(815301076,1909f56bfc062723c751e8b465ee728b)  -> (artifact id: 'dfd16c6e4f214a3f8ebc0f0ab6bb6b15') in 0.043289 seconds 
  Import took 0.048319 seconds .

========================================================================
Received Import Request.
  Time since last request: 11.901438 seconds.
  path: Assets/Scripts/TransGas.cs
  artifactKey: Guid(fe4ebcfad8f97184d92f03eb699f7d65) Importer(815301076,1909f56bfc062723c751e8b465ee728b)
Start importing Assets/Scripts/TransGas.cs using Guid(fe4ebcfad8f97184d92f03eb699f7d65) Importer(815301076,1909f56bfc062723c751e8b465ee728b)  -> (artifact id: 'ae33c8faf7cd988fa36cdde7271e698e') in 0.012354 seconds 
  Import took 0.018583 seconds .

========================================================================
Received Import Request.
  Time since last request: 29.859955 seconds.
  path: Assets/Scripts/O2.cs
  artifactKey: Guid(6fb30530c53825645882fd5db6904d3d) Importer(815301076,1909f56bfc062723c751e8b465ee728b)
Start importing Assets/Scripts/O2.cs using Guid(6fb30530c53825645882fd5db6904d3d) Importer(815301076,1909f56bfc062723c751e8b465ee728b)  -> (artifact id: '121ebb766b424a2b45b5b2d3dc314a0f') in 0.011531 seconds 
  Import took 0.016976 seconds .

========================================================================
Received Import Request.
  Time since last request: 4.837894 seconds.
  path: Assets/Scripts/LevelLoader.cs
  artifactKey: Guid(9d29a59d8d4d0324bb669d35c08d3d7a) Importer(815301076,1909f56bfc062723c751e8b465ee728b)
Start importing Assets/Scripts/LevelLoader.cs using Guid(9d29a59d8d4d0324bb669d35c08d3d7a) Importer(815301076,1909f56bfc062723c751e8b465ee728b)  -> (artifact id: '964b58f469798e9897582ff83f5312db') in 0.009823 seconds 
  Import took 0.015350 seconds .

========================================================================
Received Import Request.
  Time since last request: 0.015508 seconds.
  path: Assets/Scripts/LevelLoader.cs
  artifactKey: Guid(9d29a59d8d4d0324bb669d35c08d3d7a) Importer(815301076,1909f56bfc062723c751e8b465ee728b)
Start importing Assets/Scripts/LevelLoader.cs using Guid(9d29a59d8d4d0324bb669d35c08d3d7a) Importer(815301076,1909f56bfc062723c751e8b465ee728b)  -> (artifact id: '964b58f469798e9897582ff83f5312db') in 0.003619 seconds 
  Import took 0.010168 seconds .

========================================================================
Received Import Request.
  Time since last request: 1.448364 seconds.
  path: Assets/Scripts/GameManager.cs
  artifactKey: Guid(29fba56fda0c50a4bb324918689b5094) Importer(815301076,1909f56bfc062723c751e8b465ee728b)
Start importing Assets/Scripts/GameManager.cs using Guid(29fba56fda0c50a4bb324918689b5094) Importer(815301076,1909f56bfc062723c751e8b465ee728b)  -> (artifact id: 'a00c9ead656388354cf5845e75facf7b') in 0.028161 seconds 
  Import took 0.056432 seconds .

========================================================================
Received Import Request.
  Time since last request: 5.311292 seconds.
  path: Assets/Scripts/PaperTree.cs
  artifactKey: Guid(eabfdd5c400901742831490c5656b5be) Importer(815301076,1909f56bfc062723c751e8b465ee728b)
Start importing Assets/Scripts/PaperTree.cs using Guid(eabfdd5c400901742831490c5656b5be) Importer(815301076,1909f56bfc062723c751e8b465ee728b)  -> (artifact id: 'b5cf57ca9c1507b3ad6549b8647b8962') in 0.010072 seconds 
  Import took 0.016048 seconds .

========================================================================
Received Import Request.
  Time since last request: 9.280071 seconds.
  path: Assets/Scripts/PlantSelector.cs
  artifactKey: Guid(8520080334632cf47b07901f005d92f1) Importer(815301076,1909f56bfc062723c751e8b465ee728b)
Start importing Assets/Scripts/PlantSelector.cs using Guid(8520080334632cf47b07901f005d92f1) Importer(815301076,1909f56bfc062723c751e8b465ee728b)  -> (artifact id: '8ffa84c2cf260940229081efaa77b09a') in 0.010233 seconds 
  Import took 0.016090 seconds .

========================================================================
Received Import Request.
  Time since last request: 834.344256 seconds.
  path: Assets/Font/IndieFlower-Regular.ttf
  artifactKey: Guid(431cbe7eb53945a4ca390fd07d34a721) Importer(815301076,1909f56bfc062723c751e8b465ee728b)
Start importing Assets/Font/IndieFlower-Regular.ttf using Guid(431cbe7eb53945a4ca390fd07d34a721) Importer(815301076,1909f56bfc062723c751e8b465ee728b)  -> (artifact id: '439255171322e9e8612d07c7ee11aba3') in 0.442530 seconds 
  Import took 0.450257 seconds .

========================================================================
Received Import Request.
  Time since last request: 333.849088 seconds.
  path: Assets/Scripts/TrantFruit.cs
  artifactKey: Guid(e409ea02f7a344d45b8ed4259f26d342) Importer(815301076,1909f56bfc062723c751e8b465ee728b)
Start importing Assets/Scripts/TrantFruit.cs using Guid(e409ea02f7a344d45b8ed4259f26d342) Importer(815301076,1909f56bfc062723c751e8b465ee728b)  -> (artifact id: '148cc4035c93f717f8551368345aad4b') in 0.011235 seconds 
  Import took 0.017360 seconds .

========================================================================
Received Import Request.
  Time since last request: 0.002134 seconds.
  path: Assets/Scripts/TrantFruit.cs
  artifactKey: Guid(e409ea02f7a344d45b8ed4259f26d342) Importer(815301076,1909f56bfc062723c751e8b465ee728b)
Start importing Assets/Scripts/TrantFruit.cs using Guid(e409ea02f7a344d45b8ed4259f26d342) Importer(815301076,1909f56bfc062723c751e8b465ee728b)  -> (artifact id: '148cc4035c93f717f8551368345aad4b') in 0.003044 seconds 
  Import took 0.011859 seconds .

========================================================================
Received Prepare
Registering precompiled user dll's ...
Registered in 0.004526 seconds.
Begin MonoManager ReloadAssembly
Native extension for WindowsStandalone target not found
Native extension for WebGL target not found
Refreshing native plugins compatible for Editor in 0.72 ms, found 3 plugins.
Preloading 0 native plugins for Editor in 0.00 ms.
Mono: successfully reloaded assembly
- Completed reload, in  1.535 seconds
Platform modules already initialized, skipping
Refreshing native plugins compatible for Editor in 1.53 ms, found 3 plugins.
Preloading 0 native plugins for Editor in 0.00 ms.
Unloading 2111 Unused Serialized files (Serialized files now loaded: 0)
System memory in use before: 98.9 MB.
System memory in use after: 98.2 MB.

Unloading 34 unused Assets to reduce memory usage. Loaded Objects now: 2587.
Total: 3.526100 ms (FindLiveObjects: 0.247000 ms CreateObjectMapping: 0.142800 ms MarkObjects: 2.614300 ms  DeleteObjects: 0.520300 ms)

AssetImportParameters requested are different than current active one (requested -> active):
  custom:framework-win-MediaFoundation: 216162199b28c13a410421893ffa2e32 -> 
  custom:video-decoder-ogg-theora: a1e56fd34408186e4bbccfd4996cb3dc -> 
  custom:container-muxer-webm: aa71ff27fc2769a1b78a27578f13a17b -> 
  custom:container-demuxer-webm: 4f35f7cbe854078d1ac9338744f61a02 -> 
  custom:container-demuxer-ogg: 62fdf1f143b41e24485cea50d1cbac27 -> 
  custom:video-encoder-webm-vp8: eb34c28f22e8b96e1ab97ce403110664 -> 
  custom:video-decoder-webm-vp8: 9c59270c3fd7afecdb556c50c9e8de78 -> 
  custom:audio-decoder-ogg-vorbis: bf7c407c2cedff20999df2af8eb42d56 -> 
  custom:audio-encoder-webm-vorbis: bf7c407c2cedff20999df2af8eb42d56 -> 
========================================================================
Received Import Request.
  Time since last request: 429.629672 seconds.
  path: Assets/Scripts/City.cs
  artifactKey: Guid(91c23cbbd2252ad438afffc20fd44574) Importer(815301076,1909f56bfc062723c751e8b465ee728b)
Start importing Assets/Scripts/City.cs using Guid(91c23cbbd2252ad438afffc20fd44574) Importer(815301076,1909f56bfc062723c751e8b465ee728b)  -> (artifact id: '0276e2d6542997a3fc55586ae723c74b') in 0.006416 seconds 
  Import took 0.027791 seconds .

========================================================================
Received Import Request.
  Time since last request: 12.536657 seconds.
  path: Assets/LoadToStart.cs
  artifactKey: Guid(e549bad55a1f7604ba5275202d6413d1) Importer(815301076,1909f56bfc062723c751e8b465ee728b)
Start importing Assets/LoadToStart.cs using Guid(e549bad55a1f7604ba5275202d6413d1) Importer(815301076,1909f56bfc062723c751e8b465ee728b)  -> (artifact id: 'ef648e140ada667fedefa93d67ca7d14') in 0.009807 seconds 
  Import took 0.053106 seconds .

========================================================================
Received Prepare
Registering precompiled user dll's ...
Registered in 0.005253 seconds.
Begin MonoManager ReloadAssembly
Native extension for WindowsStandalone target not found
Native extension for WebGL target not found
Refreshing native plugins compatible for Editor in 0.69 ms, found 3 plugins.
Preloading 0 native plugins for Editor in 0.00 ms.
Mono: successfully reloaded assembly
- Completed reload, in  1.815 seconds
Platform modules already initialized, skipping
Refreshing native plugins compatible for Editor in 1.10 ms, found 3 plugins.
Preloading 0 native plugins for Editor in 0.00 ms.
Unloading 2111 Unused Serialized files (Serialized files now loaded: 0)
System memory in use before: 98.9 MB.
System memory in use after: 98.2 MB.

Unloading 34 unused Assets to reduce memory usage. Loaded Objects now: 2591.
Total: 3.089200 ms (FindLiveObjects: 0.223000 ms CreateObjectMapping: 0.096700 ms MarkObjects: 2.269400 ms  DeleteObjects: 0.498800 ms)

AssetImportParameters requested are different than current active one (requested -> active):
  custom:framework-win-MediaFoundation: 216162199b28c13a410421893ffa2e32 -> 
  custom:video-decoder-ogg-theora: a1e56fd34408186e4bbccfd4996cb3dc -> 
  custom:container-muxer-webm: aa71ff27fc2769a1b78a27578f13a17b -> 
  custom:container-demuxer-webm: 4f35f7cbe854078d1ac9338744f61a02 -> 
  custom:container-demuxer-ogg: 62fdf1f143b41e24485cea50d1cbac27 -> 
  custom:video-encoder-webm-vp8: eb34c28f22e8b96e1ab97ce403110664 -> 
  custom:video-decoder-webm-vp8: 9c59270c3fd7afecdb556c50c9e8de78 -> 
  custom:audio-decoder-ogg-vorbis: bf7c407c2cedff20999df2af8eb42d56 -> 
  custom:audio-encoder-webm-vorbis: bf7c407c2cedff20999df2af8eb42d56 -> 
========================================================================
Received Import Request.
  Time since last request: 21.264946 seconds.
  path: Assets/Sprites/LoadToGamePlay.cs
  artifactKey: Guid(edab8ff47c2591d4ba0e74f9a0ad3782) Importer(815301076,1909f56bfc062723c751e8b465ee728b)
Start importing Assets/Sprites/LoadToGamePlay.cs using Guid(edab8ff47c2591d4ba0e74f9a0ad3782) Importer(815301076,1909f56bfc062723c751e8b465ee728b)  -> (artifact id: 'b9ee299a3f5a94061e61fe00dd51f6be') in 0.020634 seconds 
  Import took 0.057806 seconds .

========================================================================
Received Prepare
Registering precompiled user dll's ...
Registered in 0.004096 seconds.
Begin MonoManager ReloadAssembly
Native extension for WindowsStandalone target not found
Native extension for WebGL target not found
Refreshing native plugins compatible for Editor in 0.88 ms, found 3 plugins.
Preloading 0 native plugins for Editor in 0.00 ms.
Mono: successfully reloaded assembly
- Completed reload, in  1.733 seconds
Platform modules already initialized, skipping
Refreshing native plugins compatible for Editor in 1.18 ms, found 3 plugins.
Preloading 0 native plugins for Editor in 0.00 ms.
Unloading 2111 Unused Serialized files (Serialized files now loaded: 0)
System memory in use before: 98.9 MB.
System memory in use after: 98.2 MB.

Unloading 34 unused Assets to reduce memory usage. Loaded Objects now: 2595.
Total: 3.313200 ms (FindLiveObjects: 0.229400 ms CreateObjectMapping: 0.113700 ms MarkObjects: 2.392800 ms  DeleteObjects: 0.575800 ms)

AssetImportParameters requested are different than current active one (requested -> active):
  custom:framework-win-MediaFoundation: 216162199b28c13a410421893ffa2e32 -> 
  custom:video-decoder-ogg-theora: a1e56fd34408186e4bbccfd4996cb3dc -> 
  custom:container-muxer-webm: aa71ff27fc2769a1b78a27578f13a17b -> 
  custom:container-demuxer-webm: 4f35f7cbe854078d1ac9338744f61a02 -> 
  custom:container-demuxer-ogg: 62fdf1f143b41e24485cea50d1cbac27 -> 
  custom:video-encoder-webm-vp8: eb34c28f22e8b96e1ab97ce403110664 -> 
  custom:video-decoder-webm-vp8: 9c59270c3fd7afecdb556c50c9e8de78 -> 
  custom:audio-decoder-ogg-vorbis: bf7c407c2cedff20999df2af8eb42d56 -> 
  custom:audio-encoder-webm-vorbis: bf7c407c2cedff20999df2af8eb42d56 -> 
========================================================================
Received Prepare
Refreshing native plugins compatible for Editor in 5.78 ms, found 3 plugins.
Preloading 0 native plugins for Editor in 0.00 ms.
Unloading 32 Unused Serialized files (Serialized files now loaded: 0)
System memory in use before: 57.9 MB.
System memory in use after: 57.2 MB.

Unloading 32 unused Assets to reduce memory usage. Loaded Objects now: 2595.
Total: 4.603100 ms (FindLiveObjects: 0.345300 ms CreateObjectMapping: 0.221300 ms MarkObjects: 3.295100 ms  DeleteObjects: 0.739500 ms)

AssetImportParameters requested are different than current active one (requested -> active):
  custom:framework-win-MediaFoundation: 216162199b28c13a410421893ffa2e32 -> 
  custom:video-decoder-ogg-theora: a1e56fd34408186e4bbccfd4996cb3dc -> 
  custom:container-muxer-webm: aa71ff27fc2769a1b78a27578f13a17b -> 
  custom:container-demuxer-webm: 4f35f7cbe854078d1ac9338744f61a02 -> 
  custom:container-demuxer-ogg: 62fdf1f143b41e24485cea50d1cbac27 -> 
  custom:video-encoder-webm-vp8: eb34c28f22e8b96e1ab97ce403110664 -> 
  custom:video-decoder-webm-vp8: 9c59270c3fd7afecdb556c50c9e8de78 -> 
  custom:audio-decoder-ogg-vorbis: bf7c407c2cedff20999df2af8eb42d56 -> 
  custom:audio-encoder-webm-vorbis: bf7c407c2cedff20999df2af8eb42d56 -> 
AssetImportWorkerClient::OnTransportError - code=2 error=End of file
